CCS PCM C Compiler, Version 5.076, 56587               01-feb.-23 16:42

               Filename:   C:\DRIVE\00 - PROYECTOS\01 - Vigentes\Taladro quirurgico\Firmware\V1.1\System5-4208\main.lst

               ROM used:   517 words (25%)
                           Largest free fragment is 1531
               RAM used:   20 (16%) at main() level
                           36 (28%) worst case
               Stack used: 1 locations
               Stack size: 16

*
0000:  MOVLP  00
0001:  GOTO   03E
0002:  NOP
.................... #include <main.h> 
.................... #include <16F1503.h> 
.................... //////////// Standard Header file for the PIC16F1503 device //////////////// 
.................... /////////////////////////////////////////////////////////////////////////// 
.................... ////        (C) Copyright 1996, 2014 Custom Computer Services          //// 
.................... //// This source code may only be used by licensed users of the CCS C  //// 
.................... //// compiler.  This source code may only be distributed to other      //// 
.................... //// licensed users of the CCS C compiler.  No other use, reproduction //// 
.................... //// or distribution is permitted without written permission.          //// 
.................... //// Derivative programs created using this software in object code    //// 
.................... //// form are not restricted in any way.                               //// 
.................... /////////////////////////////////////////////////////////////////////////// 
.................... #device PIC16F1503 
*
0019:  CLRF   78
001A:  CLRF   79
001B:  CLRF   77
001C:  CLRF   7A
001D:  MOVF   32,W
001E:  BTFSS  03.2
001F:  GOTO   023
0020:  MOVF   31,W
0021:  BTFSC  03.2
0022:  GOTO   03D
0023:  MOVLW  10
0024:  MOVWF  33
0025:  BCF    03.0
0026:  RLF    2F,F
0027:  RLF    30,F
0028:  RLF    77,F
0029:  RLF    7A,F
002A:  MOVF   32,W
002B:  SUBWF  7A,W
002C:  BTFSS  03.2
002D:  GOTO   030
002E:  MOVF   31,W
002F:  SUBWF  77,W
0030:  BTFSS  03.0
0031:  GOTO   039
0032:  MOVF   31,W
0033:  SUBWF  77,F
0034:  BTFSS  03.0
0035:  DECF   7A,F
0036:  MOVF   32,W
0037:  SUBWF  7A,F
0038:  BSF    03.0
0039:  RLF    78,F
003A:  RLF    79,F
003B:  DECFSZ 33,F
003C:  GOTO   025
003D:  RETURN
....................  
.................... #list 
....................  
.................... #device ADC=10 
.................... #use delay(internal=16000000) 
*
0003:  MOVLW  20
0004:  MOVWF  05
0005:  MOVLW  0F
0006:  MOVWF  04
0007:  MOVF   00,W
0008:  BTFSC  03.2
0009:  GOTO   018
000A:  MOVLW  05
000B:  MOVWF  78
000C:  CLRF   77
000D:  DECFSZ 77,F
000E:  GOTO   00D
000F:  DECFSZ 78,F
0010:  GOTO   00C
0011:  MOVLW  2E
0012:  MOVWF  77
0013:  DECFSZ 77,F
0014:  GOTO   013
0015:  GOTO   016
0016:  DECFSZ 00,F
0017:  GOTO   00A
0018:  RETURN
....................  
....................  
.................... int16 dc; 
.................... int16 C1, C2, C1i, C2i; 
.................... int16 C1s = 0; 
.................... int16 C2s = 0; 
....................  
.................... void main() 
*
003E:  MOVLW  7A
003F:  MOVLB  01
0040:  MOVWF  19
0041:  MOVLB  00
0042:  CLRF   2B
0043:  CLRF   2A
0044:  CLRF   2D
0045:  CLRF   2C
0046:  MOVLB  03
0047:  CLRF   0C
0048:  CLRF   0E
0049:  MOVLB  02
004A:  CLRF   12
004B:  CLRF   11
004C:  CLRF   14
004D:  CLRF   13
.................... { 
....................    setup_oscillator(OSC_16MHZ | OSC_INTRC); 
004E:  MOVLW  7A
004F:  MOVLB  01
0050:  MOVWF  19
....................     
....................    setup_adc(ADC_CLOCK_INTERNAL); 
0051:  BSF    1E.4
0052:  BSF    1E.5
0053:  BCF    1E.6
0054:  BSF    1E.7
0055:  BSF    1D.0
....................    setup_adc_ports(sAN5 | sAN6 | VSS_VDD);      //AN5 es C1; AN6 es C2 
0056:  BCF    1E.0
0057:  BCF    1E.1
0058:  MOVLW  00
0059:  MOVLB  03
005A:  MOVWF  0C
005B:  MOVLW  06
005C:  MOVWF  0E
....................        
....................    setup_timer_2(T2_DIV_BY_64,125,1); 
005D:  MOVLW  00
005E:  MOVWF  78
005F:  IORLW  07
0060:  MOVLB  00
0061:  MOVWF  1C
0062:  MOVLW  7D
0063:  MOVWF  1B
....................    setup_pwm1(PWM_ENABLED | PWM_ACTIVE_HIGH | PWM_OUTPUT); 
0064:  MOVLB  01
0065:  BCF    0E.5
0066:  MOVLW  C0
0067:  MOVLB  0C
0068:  MOVWF  13
....................     
....................    set_pwm1_duty(375); 
0069:  MOVLW  5D
006A:  MOVWF  12
006B:  MOVLW  C0
006C:  MOVWF  11
....................    delay_ms(200); 
006D:  MOVLW  C8
006E:  MOVLB  00
006F:  MOVWF  2F
0070:  CALL   003
....................     
....................    for(int i=0;i<5;i++) 
0071:  CLRF   2E
0072:  MOVF   2E,W
0073:  SUBLW  04
0074:  BTFSS  03.0
0075:  GOTO   0B2
....................    { 
....................       set_adc_channel(5); 
0076:  MOVLW  14
0077:  MOVWF  78
0078:  MOVLB  01
0079:  MOVF   1D,W
007A:  ANDLW  83
007B:  IORWF  78,W
007C:  MOVWF  1D
....................       delay_ms(1); 
007D:  MOVLW  01
007E:  MOVLB  00
007F:  MOVWF  2F
0080:  CALL   003
....................       C1i = read_adc(); 
0081:  MOVLB  01
0082:  BSF    1D.1
0083:  BTFSC  1D.1
0084:  GOTO   083
0085:  MOVF   1C,W
0086:  MOVWF  7A
0087:  MOVF   1B,W
0088:  MOVLB  00
0089:  MOVWF  26
008A:  MOVF   7A,W
008B:  MOVWF  27
....................       C1s = C1s + C1i; 
008C:  MOVF   26,W
008D:  ADDWF  2A,F
008E:  MOVF   27,W
008F:  ADDWFC 2B,F
....................       delay_ms(1); 
0090:  MOVLW  01
0091:  MOVWF  2F
0092:  CALL   003
....................       set_adc_channel(6); 
0093:  MOVLW  18
0094:  MOVWF  78
0095:  MOVLB  01
0096:  MOVF   1D,W
0097:  ANDLW  83
0098:  IORWF  78,W
0099:  MOVWF  1D
....................       delay_ms(1); 
009A:  MOVLW  01
009B:  MOVLB  00
009C:  MOVWF  2F
009D:  CALL   003
....................       C2i = read_adc(); 
009E:  MOVLB  01
009F:  BSF    1D.1
00A0:  BTFSC  1D.1
00A1:  GOTO   0A0
00A2:  MOVF   1C,W
00A3:  MOVWF  7A
00A4:  MOVF   1B,W
00A5:  MOVLB  00
00A6:  MOVWF  28
00A7:  MOVF   7A,W
00A8:  MOVWF  29
....................       C2s = C2s + C2i; 
00A9:  MOVF   28,W
00AA:  ADDWF  2C,F
00AB:  MOVF   29,W
00AC:  ADDWFC 2D,F
....................       delay_ms(1); 
00AD:  MOVLW  01
00AE:  MOVWF  2F
00AF:  CALL   003
00B0:  INCF   2E,F
00B1:  GOTO   072
....................    } 
....................    C1i = (C1s/5); 
00B2:  MOVF   2B,W
00B3:  MOVWF  30
00B4:  MOVF   2A,W
00B5:  MOVWF  2F
00B6:  CLRF   32
00B7:  MOVLW  05
00B8:  MOVWF  31
00B9:  CALL   019
00BA:  MOVF   79,W
00BB:  MOVWF  27
00BC:  MOVF   78,W
00BD:  MOVWF  26
....................    C2i = (C2s/5); 
00BE:  MOVF   2D,W
00BF:  MOVWF  30
00C0:  MOVF   2C,W
00C1:  MOVWF  2F
00C2:  CLRF   32
00C3:  MOVLW  05
00C4:  MOVWF  31
00C5:  CALL   019
00C6:  MOVF   79,W
00C7:  MOVWF  29
00C8:  MOVF   78,W
00C9:  MOVWF  28
....................    C1s = 0; 
00CA:  CLRF   2B
00CB:  CLRF   2A
....................    C2s = 0; 
00CC:  CLRF   2D
00CD:  CLRF   2C
....................  
....................    delay_ms(200); 
00CE:  MOVLW  C8
00CF:  MOVWF  2F
00D0:  CALL   003
....................  
....................    while(TRUE) 
....................    { 
....................       set_adc_channel(5); 
00D1:  MOVLW  14
00D2:  MOVWF  78
00D3:  MOVLB  01
00D4:  MOVF   1D,W
00D5:  ANDLW  83
00D6:  IORWF  78,W
00D7:  MOVWF  1D
....................       delay_us(25); 
00D8:  MOVLW  21
00D9:  MOVWF  77
00DA:  DECFSZ 77,F
00DB:  GOTO   0DA
....................       C1 = read_adc(); 
00DC:  BSF    1D.1
00DD:  BTFSC  1D.1
00DE:  GOTO   0DD
00DF:  MOVF   1C,W
00E0:  MOVWF  7A
00E1:  MOVF   1B,W
00E2:  MOVLB  00
00E3:  MOVWF  22
00E4:  MOVF   7A,W
00E5:  MOVWF  23
....................       set_adc_channel(6); 
00E6:  MOVLW  18
00E7:  MOVWF  78
00E8:  MOVLB  01
00E9:  MOVF   1D,W
00EA:  ANDLW  83
00EB:  IORWF  78,W
00EC:  MOVWF  1D
....................       delay_us(25); 
00ED:  MOVLW  21
00EE:  MOVWF  77
00EF:  DECFSZ 77,F
00F0:  GOTO   0EF
....................       C2 = read_adc(); 
00F1:  BSF    1D.1
00F2:  BTFSC  1D.1
00F3:  GOTO   0F2
00F4:  MOVF   1C,W
00F5:  MOVWF  7A
00F6:  MOVF   1B,W
00F7:  MOVLB  00
00F8:  MOVWF  24
00F9:  MOVF   7A,W
00FA:  MOVWF  25
....................        
....................       if(C1 > (C1i + 3)) 
00FB:  MOVLW  03
00FC:  ADDWF  26,W
00FD:  MOVWF  78
00FE:  MOVLW  00
00FF:  ADDWFC 27,W
0100:  MOVWF  7A
0101:  MOVF   7A,W
0102:  SUBWF  23,W
0103:  BTFSS  03.0
0104:  GOTO   172
0105:  BTFSS  03.2
0106:  GOTO   10B
0107:  MOVF   22,W
0108:  SUBWF  78,W
0109:  BTFSC  03.0
010A:  GOTO   172
....................       { 
....................          set_adc_channel(5); 
010B:  MOVLW  14
010C:  MOVWF  78
010D:  MOVLB  01
010E:  MOVF   1D,W
010F:  ANDLW  83
0110:  IORWF  78,W
0111:  MOVWF  1D
....................          delay_us(25); 
0112:  MOVLW  21
0113:  MOVWF  77
0114:  DECFSZ 77,F
0115:  GOTO   114
....................          while(C1 > (C1i + 3)) 
0116:  MOVLW  03
0117:  MOVLB  00
0118:  ADDWF  26,W
0119:  MOVWF  78
011A:  MOVLW  00
011B:  ADDWFC 27,W
011C:  MOVWF  7A
011D:  MOVF   7A,W
011E:  SUBWF  23,W
011F:  BTFSS  03.0
0120:  GOTO   171
0121:  BTFSS  03.2
0122:  GOTO   127
0123:  MOVF   22,W
0124:  SUBWF  78,W
0125:  BTFSC  03.0
0126:  GOTO   171
....................          { 
....................             C1 = read_adc(); 
0127:  MOVLB  01
0128:  BSF    1D.1
0129:  BTFSC  1D.1
012A:  GOTO   129
012B:  MOVF   1C,W
012C:  MOVWF  7A
012D:  MOVF   1B,W
012E:  MOVLB  00
012F:  MOVWF  22
0130:  MOVF   7A,W
0131:  MOVWF  23
....................             dc = C1 - 145; 
0132:  MOVLW  91
0133:  SUBWF  22,W
0134:  MOVWF  20
0135:  MOVLW  00
0136:  SUBWFC 23,W
0137:  MOVWF  21
....................             delay_us(25); 
0138:  MOVLW  21
0139:  MOVWF  77
013A:  DECFSZ 77,F
013B:  GOTO   13A
....................             if (dc<375) {dc=375;} 
013C:  MOVF   21,W
013D:  SUBLW  01
013E:  BTFSS  03.0
013F:  GOTO   14A
0140:  BTFSS  03.2
0141:  GOTO   146
0142:  MOVF   20,W
0143:  SUBLW  76
0144:  BTFSS  03.0
0145:  GOTO   14A
0146:  MOVLW  01
0147:  MOVWF  21
0148:  MOVLW  77
0149:  MOVWF  20
....................             if (dc>500) {dc=500;} 
014A:  MOVF   21,W
014B:  SUBLW  00
014C:  BTFSC  03.0
014D:  GOTO   159
014E:  XORLW  FF
014F:  BTFSS  03.2
0150:  GOTO   155
0151:  MOVF   20,W
0152:  SUBLW  F4
0153:  BTFSC  03.0
0154:  GOTO   159
0155:  MOVLW  01
0156:  MOVWF  21
0157:  MOVLW  F4
0158:  MOVWF  20
....................             set_pwm1_duty(dc); 
0159:  MOVF   21,W
015A:  MOVWF  79
015B:  MOVF   20,W
015C:  MOVWF  78
015D:  RLF    78,F
015E:  RLF    79,F
015F:  RLF    78,F
0160:  RLF    79,F
0161:  RLF    78,F
0162:  RLF    79,F
0163:  RLF    78,F
0164:  RLF    79,F
0165:  RLF    78,F
0166:  RLF    79,F
0167:  RLF    78,F
0168:  RLF    79,F
0169:  MOVF   79,W
016A:  MOVLB  0C
016B:  MOVWF  12
016C:  MOVF   78,W
016D:  MOVWF  11
016E:  MOVLB  01
016F:  GOTO   116
0170:  MOVLB  00
....................          } 
....................       } 
0171:  GOTO   1ED
....................       else if(C2 > (C2i + 3)) 
0172:  MOVLW  03
0173:  ADDWF  28,W
0174:  MOVWF  78
0175:  MOVLW  00
0176:  ADDWFC 29,W
0177:  MOVWF  7A
0178:  MOVF   7A,W
0179:  SUBWF  25,W
017A:  BTFSS  03.0
017B:  GOTO   1E9
017C:  BTFSS  03.2
017D:  GOTO   182
017E:  MOVF   24,W
017F:  SUBWF  78,W
0180:  BTFSC  03.0
0181:  GOTO   1E9
....................       { 
....................          set_adc_channel(6); 
0182:  MOVLW  18
0183:  MOVWF  78
0184:  MOVLB  01
0185:  MOVF   1D,W
0186:  ANDLW  83
0187:  IORWF  78,W
0188:  MOVWF  1D
....................          delay_us(25); 
0189:  MOVLW  21
018A:  MOVWF  77
018B:  DECFSZ 77,F
018C:  GOTO   18B
....................          while(C2 > (C2i + 3)) 
018D:  MOVLW  03
018E:  MOVLB  00
018F:  ADDWF  28,W
0190:  MOVWF  78
0191:  MOVLW  00
0192:  ADDWFC 29,W
0193:  MOVWF  7A
0194:  MOVF   7A,W
0195:  SUBWF  25,W
0196:  BTFSS  03.0
0197:  GOTO   1E8
0198:  BTFSS  03.2
0199:  GOTO   19E
019A:  MOVF   24,W
019B:  SUBWF  78,W
019C:  BTFSC  03.0
019D:  GOTO   1E8
....................          { 
....................             C2 = read_adc(); 
019E:  MOVLB  01
019F:  BSF    1D.1
01A0:  BTFSC  1D.1
01A1:  GOTO   1A0
01A2:  MOVF   1C,W
01A3:  MOVWF  7A
01A4:  MOVF   1B,W
01A5:  MOVLB  00
01A6:  MOVWF  24
01A7:  MOVF   7A,W
01A8:  MOVWF  25
....................             dc = C2 - 145; 
01A9:  MOVLW  91
01AA:  SUBWF  24,W
01AB:  MOVWF  20
01AC:  MOVLW  00
01AD:  SUBWFC 25,W
01AE:  MOVWF  21
....................             delay_us(25); 
01AF:  MOVLW  21
01B0:  MOVWF  77
01B1:  DECFSZ 77,F
01B2:  GOTO   1B1
....................             if (dc<375) {dc=375;} 
01B3:  MOVF   21,W
01B4:  SUBLW  01
01B5:  BTFSS  03.0
01B6:  GOTO   1C1
01B7:  BTFSS  03.2
01B8:  GOTO   1BD
01B9:  MOVF   20,W
01BA:  SUBLW  76
01BB:  BTFSS  03.0
01BC:  GOTO   1C1
01BD:  MOVLW  01
01BE:  MOVWF  21
01BF:  MOVLW  77
01C0:  MOVWF  20
....................             if (dc>417) {dc=417;} 
01C1:  MOVF   21,W
01C2:  SUBLW  00
01C3:  BTFSC  03.0
01C4:  GOTO   1D0
01C5:  XORLW  FF
01C6:  BTFSS  03.2
01C7:  GOTO   1CC
01C8:  MOVF   20,W
01C9:  SUBLW  A1
01CA:  BTFSC  03.0
01CB:  GOTO   1D0
01CC:  MOVLW  01
01CD:  MOVWF  21
01CE:  MOVLW  A1
01CF:  MOVWF  20
....................             set_pwm1_duty(dc); 
01D0:  MOVF   21,W
01D1:  MOVWF  79
01D2:  MOVF   20,W
01D3:  MOVWF  78
01D4:  RLF    78,F
01D5:  RLF    79,F
01D6:  RLF    78,F
01D7:  RLF    79,F
01D8:  RLF    78,F
01D9:  RLF    79,F
01DA:  RLF    78,F
01DB:  RLF    79,F
01DC:  RLF    78,F
01DD:  RLF    79,F
01DE:  RLF    78,F
01DF:  RLF    79,F
01E0:  MOVF   79,W
01E1:  MOVLB  0C
01E2:  MOVWF  12
01E3:  MOVF   78,W
01E4:  MOVWF  11
01E5:  MOVLB  01
01E6:  GOTO   18D
01E7:  MOVLB  00
....................          } 
....................       } 
01E8:  GOTO   1ED
....................       else 
....................       { 
....................          dc = 375; 
01E9:  MOVLW  01
01EA:  MOVWF  21
01EB:  MOVLW  77
01EC:  MOVWF  20
....................       } 
....................       set_pwm1_duty(dc); 
01ED:  MOVF   21,W
01EE:  MOVWF  79
01EF:  MOVF   20,W
01F0:  MOVWF  78
01F1:  RLF    78,F
01F2:  RLF    79,F
01F3:  RLF    78,F
01F4:  RLF    79,F
01F5:  RLF    78,F
01F6:  RLF    79,F
01F7:  RLF    78,F
01F8:  RLF    79,F
01F9:  RLF    78,F
01FA:  RLF    79,F
01FB:  RLF    78,F
01FC:  RLF    79,F
01FD:  MOVF   79,W
01FE:  MOVLB  0C
01FF:  MOVWF  12
0200:  MOVF   78,W
0201:  MOVWF  11
0202:  MOVLB  00
0203:  GOTO   0D1
....................    } 
.................... } 
0204:  SLEEP

Configuration Fuses:
   Word  1: 3FC4   INTRC_IO NOWDT PUT MCLR NOPROTECT BROWNOUT NOCLKOUT
   Word  2: 1FFF   NOWRT STVREN BORV19 NOLPBOR NOLVP
